<?xml version="1.0" encoding="UTF-8"?>
<!-- Generated by org.testng.reporters.JUnitXMLReporter -->
<testsuite hostname="CHARLIE" ignored="0" name="Test" tests="3" failures="1" timestamp="2020-08-13T00:21:02 IST" time="32.151" errors="0">
  <testcase name="checkLiginPage" time="0.808" classname="SeleniumProject.FirstProject.Testcase01"/>
  <testcase name="checkLiginPage" time="0.825" classname="SeleniumProject.FirstProject.Testcase01"/>
  <testcase name="checkBaseclass" time="0.142" classname="SeleniumProject.FirstProject.validateTitleTest">
    <failure type="java.lang.AssertionError" message="The following asserts failed:
	oh god expected [FEATURED COURSES88] but found [FEATURED COURSES]">
      <![CDATA[java.lang.AssertionError: The following asserts failed:
oh god expected [FEATURED COURSES88] but found [FEATURED COURSES]
at SeleniumProject.FirstProject.validateTitleTest.checkBaseclass(validateTitleTest.java:35)
at java.util.ArrayList.forEach(ArrayList.java:1257)
... Removed 29 stack frames]]>
    </failure>
  </testcase> <!-- checkBaseclass -->
</testsuite> <!-- Test -->
